1548441652804	mozrunner::runner	INFO	Running command: "C:\\Program Files\\Mozilla Firefox\\firefox.exe" "-marionette" "-foreground" "-no-remote" "-profile" "C:\\Users\\wjack\\AppData\\Local\\Temp\\rust_mozprofile.AG0Lcl0AmEjf"
1548441653332	addons.webextension.screenshots@mozilla.org	WARN	Loading extension 'screenshots@mozilla.org': Reading manifest: Invalid host permission: resource://pdf.js/
1548441653332	addons.webextension.screenshots@mozilla.org	WARN	Loading extension 'screenshots@mozilla.org': Reading manifest: Invalid host permission: about:reader*
1548441656881	Marionette	INFO	Listening on port 57942
1548441657248	Marionette	WARN	TLS certificate errors will be ignored for this session
1548441683085	Marionette	INFO	Stopped listening on port 57942
[Parent 14028, Gecko_IOThread] WARNING: pipe error: 109: file z:/build/build/src/ipc/chromium/src/chrome/common/ipc_channel_win.cc, line 346
[Child 15204, Chrome_ChildThread] WARNING: pipe error: 109: file z:/build/build/src/ipc/chromium/src/chrome/common/ipc_channel_win.cc, line 346
[Child 15204, Chrome_ChJavaScript error: resource://gre/modules/WebProgressChild.jsm, line 58: TypeError: this.mm.content is null
[Parent 14028, Gecko_IOThread] WARNING: pipe error: 109: file z:/build/build/src/ipc/chromium/src/chrome/common/ipc_channel_win.cc, line 346
[Child 16332, Chrome_ChildThread] WARNING: pipe error: 232: file z:/build/build/src/ipc/chromium/src/chrome/common/ipc_channel_win.cc, line 513
[Child 16332, Chrome_ChildThread] WARNING: pipe error: 232: file z:/build/build/src/ipc/chromium/src/chrome/common/ipc_channel_win.cc, line 513
JavaScript error: , line 0: InvalidStateError: An attempt was made to use an object that is not, or is no longer, usable
[Child 16332, Chrome_ChildThread] WARNING: pipe error: 109: file z:/build/build/src/ipc/chromium/src/chrome/common/ipc_channel_win.cc, line 346

###!!! [Child][MessageChannel] Error: (msgtype=0x3000B8,name=PContent::Msg_ScriptError) Channel closing: too late to send/recv, messages will be lost


###!!! [Child][RunMessage] Error: Channel closing: too late to send/recv, messages will be lost


###!!! [Child][RunMessage] Error: Channel closing: too late to send/recv, messages will be lost


###!!! [Child][RunMessage] Error: Channel closing: too late to send/recv, messages will be lost


###!!! [Child][RunMessage] Error: Channel closing: too late to send/recv, messages will be lost


###!!! [Child][RunMessage] Error: Channel closing: too late to send/recv, messages will be lost


###!!! [Child][RunMessage] Error: Channel closing: too late to send/recv, messages will be lost


###!!! [Child][RunMessage] Error: Channel closing: too late to send/recv, messages will be lost


###!!! [Child][RunMessage] Error: Channel closing: too late to send/recv, messages will be lost


###!!! [Child][RunMessage] Error: Channel closing: too late to send/recv, messages will be lost

[Ch
###!!! [Child][RunMessage] Error: Channel closing: too late to send/recv, messages will be lost

ild 16332, Chrome_ChildThread] WARNIN
###!!! [Child][RunMessage] Error: Channel closing: too late to send/recv, messages will be lost

G: pipe error: 109: file z:/build/build/src/ipc/chromium/src/chrome/common/ipc_channel_win.cc, line 346

###!!! [Child][RunMessage] Error: Channel closing: too late to send/recv, messages will be lost


###!!! [Child][RunMessage] Error: Channel closing: too late to send/recv, messages will be lost


###!!! [Child][RunMessage] Error: Channel closing: too late to send/recv, messages will be lost


###!!! [Child][RunMessage] Error: Channel closing: too late to send/recv, messages will be lost


###!!! [Child][RunMessage] Error: Channel closing: too late to send/recv, messages will be lost


###!!! [Child][RunMessage] Error: Channel closing: too late to send/recv, messages will be lost


###!!! [Child][RunMessage] Error: Channel closing: too late to send/recv, messages will be lost


###!!! [Child][MessageChannel] Error: (msgtype=0x3000B8,name=PContent::Msg_ScriptError) Channel closing: too late to send/recv, messages will be lost

[Parent 14028, Gecko_IOThread] WARNING: pipe error: 109: file z:/build/build/src/ipc/chromium/src/chrome/common/ipc_channel_win.cc, line 346
[Child 2644, Chrome_ChildThread] WARNING: pipe error: 109: file z:/build/build/src/ipc/chromium/src/chrome/common/ipc_channel_win.cc, line 346
[Child 2
###!!! [Child][RunMessage] Error: Channel closing: too late to send/recv, messages will be lost

[GPU 548
###!!! [Child][MessageChannel::SendAndWait] Error: Channel error: cannot send/recv

1548441707084	mozrunner::runner	INFO	Running command: "C:\\Program Files\\Mozilla Firefox\\firefox.exe" "-marionette" "-foreground" "-no-remote" "-profile" "C:\\Users\\wjack\\AppData\\Local\\Temp\\rust_mozprofile.T0CDSUuWqQVE"
1548441707564	addons.webextension.screenshots@mozilla.org	WARN	Loading extension 'screenshots@mozilla.org': Reading manifest: Invalid host permission: resource://pdf.js/
1548441707564	addons.webextension.screenshots@mozilla.org	WARN	Loading extension 'screenshots@mozilla.org': Reading manifest: Invalid host permission: about:reader*
1548441710479	Marionette	INFO	Listening on port 55591
1548441710538	Marionette	WARN	TLS certificate errors will be ignored for this session
console.error: BroadcastService: 
  receivedBroadcastMessage: handler for
  remote-settings/monitor_changes
  threw error:
  Message: Error: Polling for changes failed: NetworkError when attempting to fetch resource..
  Stack:
    remoteSettingsFunction/remoteSettings.pollChanges@resource://services-settings/remote-settings.js:750:13

1548441762662	Marionette	INFO	Stopped listening on port 55591
[Parent 14760, Gecko_IOThread] WARNING: pipe error: 109: file z:/build/build/src/ipc/chromium/src/chrome/common/ipc_channel_win.cc, line 346
[Child 2916, Chrome_ChildThread] WARNING: pipe error: 109: file z:/build/build/src/ipc/chromium/src/chrome/common/ipc_channel_win.cc, line 346
[Child 2916, JavaScript error: resource://gre/modules/WebProgressChild.jsm, line 58: TypeError: this.mm.content is null

###!!! [Child][RunMessage] Error: Channel closing: too late to send/recv, messages will be lost


###!!! [Child][RunMessage] Error: Channel closing: too late to send/recv, messages will be lost


###!!! [Child][RunMessage] Error: Channel closing: too late to send/recv, messages will be lost


###!!! [Child][RunMessage] Error: Channel closing: too late to send/recv, messages will be lost


###!!! [Child][RunMessage] Error: Channel closing: too late to send/recv, messages will be lost


###!!! [Child][MessageChannel] Error: (msgtype=0x3000B8,name=PContent::Msg_ScriptError) Channel closing: too late to send/recv, messages will be lost


###!!! [Child][RunMessage] Error: Channel closing: too late to send/recv, messages will be lost


###!!! [Child][RunMessage] Error: Channel closing: too late to send/recv, messages will be lost


###!!! [Child][RunMessage] Error: Channel closing: too late to send/recv, messages will be lost

[Child 2772, Chrome_ChildThread] WARNING: pipe error: 109: file z:/
###!!! [Child][RunMessage] Error: Channel closing: too late to send/recv, messages will be lost

build/build/src/ipc/chromium/src/chrome/common/ipc_channel_win.cc, line 346

###!!! [Child][RunMessage] Error: Channel closing: too late to send/recv, messages will be lost


###!!! [Child][RunMessage] Error: Channel closing: too late to send/recv, messages will be lost


###!!! [Child][RunMessage] Error: Channel closing: too late to send/recv, messages will be lost


###!!! [Child][RunMessage] Error: Channel closing: too late to send/recv, messages will be lost


###!!! [Child][RunMessage] Error: Channel closing: too late to send/recv, messages will be lost


###!!! [Child][RunMessage] Error: Channel closing: too late to send/recv, messages will be lost


###!!! [Child][RunMessage] Error: Channel closing: too late to send/recv, messages will be lost


###!!! [Child][RunMessage] Error: Channel closing: too late to send/recv, messages will be lost


###!!! [Child][RunMessage] Error: Channel closing: too late to send/recv, messages will be lost


###!!! [Child][RunMessage] Error: Channel closing: too late to send/recv, messages will be lost


###!!! [Child][RunMessage] Error: Channel closing: too late to send/recv, messages will be lost


###!!! [Child][RunMessage] Error: Channel closing: too late to send/recv, messages will be lost


###!!! [Child][MessageChannel] Error: (msgtype=0x3000B8,name=PContent::Msg_ScriptError) Channel closing: too late to send/recv, messages will be lost


###!!! [Child][MessageChannel] Error: (msgtype=0x3000B8,name=PContent::Msg_ScriptError) Channel closing: too late to send/recv, messages will be lost


###!!! [Child][RunMessage] Error: Channel closing: too late to send/recv, messages will be lost


###!!! [Child][RunMessage] Error: Channel closing: too late to send/recv, messages will be lost


###!!! [Child][RunMessage] Error: Channel closing: too late to send/recv, messages will be lost


###!!! [Child][RunMessage] Error: Channel closing: too late to send/recv, messages will be lost


###!!! [Child][RunMessage] Error: Channel closing: too late to send/recv, messages will be lost


###!!! [Child][RunMessage] Error: Channel closing: too late to send/recv, messages will be lost


###!!! [Child][RunMessage] Error: Channel closing: too late to send/recv, messages will be lost


###!!! [Child][RunMessage] Error: Channel closing: too late to send/recv, messages will be lost

[Parent 14760, Gecko_IOThread] WARNING: pipe error: 109: file z:/build/build/src/ipc/chromium/src/chrome/common/ipc_channel_win.cc, line 346
[Child 7492, Chrome_ChildThread] WARNING: pipe error: 109: file z:/build/build/src/ipc/chromium/src/chrome/common/ipc_channel_win.cc, line 346
[Child 74
###!!! [Child][RunMessage] Error: Channel closing: too late to send/recv, messages will be lost

[GPU 3168
###!!! [Child][MessageChannel::SendAndWait] Error: Channel error: cannot send/recv

1548441885071	mozrunner::runner	INFO	Running command: "C:\\Program Files\\Mozilla Firefox\\firefox.exe" "-marionette" "-foreground" "-no-remote" "-profile" "C:\\Users\\wjack\\AppData\\Local\\Temp\\rust_mozprofile.C5ZlUDbtmSWv"
1548441885541	addons.webextension.screenshots@mozilla.org	WARN	Loading extension 'screenshots@mozilla.org': Reading manifest: Invalid host permission: resource://pdf.js/
1548441885541	addons.webextension.screenshots@mozilla.org	WARN	Loading extension 'screenshots@mozilla.org': Reading manifest: Invalid host permission: about:reader*
1548441888307	Marionette	INFO	Listening on port 56151
1548441888401	Marionette	WARN	TLS certificate errors will be ignored for this session
1548441925497	Marionette	INFO	Stopped listening on port 56151
[Child 9172, Chrome_ChildThread] WARNING: pipe error: 109: file z:/build/build/src/ipc/chromium/src/chrome/common/ipc_channel_win.cc, line 346
[Child 9
###!!! [Child][RunMessage] Error: Channel closing: too late to send/recv, messages will be lost

[Child 2240, Chrome_ChildThread] WARNING: pipe error: 232: file z:/build/build/src/ipc/chromium/src/chrome/common/ipc_channel_win.cc, line 5
###!!! [Child][RunMessage] Error: Channel closing: too late to send/recv, messages will be lost

13

###!!! [Child][RunMessage] Error: Channel closing: too late to send/recv, messages will be lost


###!!! [Child][RunMessage] Error: Channel closing: too late to send/recv, messages will be lost

[Child 2240, Chrome
###!!! [Child][RunMessage] Error: Channel closing: too late to send/recv, messages will be lost

_Child
###!!! [Child][RunMessage] Error: Channel closing: too late to send/recv, messages will be lost

Thread] WARNING: pipe error: 109: file z:/build/build/src/ipc/chromium/src/chrome/common/ipc_channel_win.cc, line 346

###!!! [Child][RunMessage] Error: Channel closing: too late to send/recv, messages will be lost


###!!! [Child][RunMessage] Error: Channel closing: too late to send/recv, messages will be lost


###!!! [Child][RunMessage] Error: Channel closing: too late to send/recv, messages will be lost


###!!! [Child][RunMessage] Error: Channel closing: too late to send/recv, messages will be lost


###!!! [Child][RunMessage] Error: Channel closing: too late to send/recv, messages will be lost


###!!! [Child][RunMessage] Error: Channel closing: too late to send/recv, messages will be lost


###!!! [Child][RunMessage] Error: Channel closing: too late to send/recv, messages will be lost


###!!! [Child][RunMessage] Error: Channel closing: too late to send/recv, messages will be lost


###!!! [Child][RunMessage] Error: Channel closing: too late to send/recv, messages will be lost


###!!! [Child][RunMessage] Error: Channel closing: too late to send/recv, messages will be lost


###!!! [Child][RunMessage] Error: Channel closing: too late to send/recv, messages will be lost


###!!! [Child][RunMessage] Error: Channel closing: too late to send/recv, messages will be lost


###!!! [Child][RunMessage] Error: Channel closing: too late to send/recv, messages will be lost


###!!! [Child][RunMessage] Error: Channel closing: too late to send/recv, messages will be lost


###!!! [Child][RunMessage] Error: Channel closing: too late to send/recv, messages will be lost


###!!! [Child][RunMessage] Error: Channel closing: too late to send/recv, messages will be lost


###!!! [Child][RunMessage] Error: Channel closing: too late to send/recv, messages will be lost


###!!! [Child][RunMessage] Error: Channel closing: too late to send/recv, messages will be lost


###!!! [Child][RunMessage] Error: Channel closing: too late to send/recv, messages will be lost


###!!! [Child][RunMessage] Error: Channel closing: too late to send/recv, messages will be lost


###!!! [Child][RunMessage] Error: Channel closing: too late to send/recv, messages will be lost


###!!! [Child][MessageChannel] Error: (msgtype=0x3000B8,name=PContent::Msg_ScriptError) Channel closing: too late to send/recv, messages will be lost


###!!! [Child][RunMessage] Error: Channel closing: too late to send/recv, messages will be lost


###!!! [Child][RunMessage] Error: Channel closing: too late to send/recv, messages will be lost


###!!! [Child][MessageChannel] Error: (msgtype=0x3000B8,name=PContent::Msg_ScriptError) Channel closing: too late to send/recv, messages will be lost


###!!! [Child][RunMessage] Error: Channel closing: too late to send/recv, messages will be lost


###!!! [Child][RunMessage] Error: Channel closing: too late to send/recv, messages will be lost

[Parent 4636, Gecko_IOThread] WARNING: pipe error: 109: file z:/build/build/src/ipc/chromium/src/chrome/common/ipc_channel_win.cc, line 346
[Child 12532, Chrome_ChildThread] WARNING: pipe error: 109: file z:/build/build/src/ipc/chromium/src/chrome/common/ipc_channel_win.cc, line 346
[Child 
###!!! [Child][RunMessage] Error: Channel closing: too late to send/recv, messages will be lost

[GPU 1371548651957472	mozrunner::runner	INFO	Running command: "C:\\Program Files\\Mozilla Firefox\\firefox.exe" "-marionette" "-headless" "-foreground" "-no-remote" "-profile" "C:\\Users\\wjack\\AppData\\Local\\Temp\\rust_mozprofile.7wmxY76wdh3n"
*** You are running in headless mode.
1548651960589	addons.webextension.screenshots@mozilla.org	WARN	Loading extension 'screenshots@mozilla.org': Reading manifest: Invalid host permission: resource://pdf.js/
1548651960590	addons.webextension.screenshots@mozilla.org	WARN	Loading extension 'screenshots@mozilla.org': Reading manifest: Invalid host permission: about:reader*
1548651967066	Marionette	INFO	Listening on port 58031
1548651967555	Marionette	WARN	TLS certificate errors will be ignored for this session
JavaScript warning: https://cdn.flashtalking.com/frameworks/js/api/2/10/html5API.js, line 3: Error: WebGL warning: <SetDimensions>: Can't use WebGL in headless mode (https://bugzil.la/1375585).
JavaScript warning: https://cdn.flashtalking.com/frameworks/js/api/2/10/html5API.js, line 3: Error: WebGL warning: <SetDimensions>: Failed to create WebGL context: WebGL creation failed: 
* Can't use WebGL in headless mode (https://bugzil.la/1375585).
console.error: BroadcastService: 
  receivedBroadcastMessage: handler for
  remote-settings/monitor_changes
  threw error:
  Message: Error: Polling for changes failed: NetworkError when attempting to fetch resource..
  Stack:
    remoteSettingsFunction/remoteSettings.pollChanges@resource://services-settings/remote-settings.js:750:13

JavaScript warning: https://pixel.yabidos.com/flimpobj.js?cb=1548651982023&ver1=2.2.2&qid=838363f5039363f5730343&rnd=jgxsqioz9r4z&cid=407 line 1 > eval, line 246: Error: WebGL warning: <SetDimensions>: Can't use WebGL in headless mode (https://bugzil.la/1375585).
JavaScript warning: https://pixel.yabidos.com/flimpobj.js?cb=1548651982023&ver1=2.2.2&qid=838363f5039363f5730343&rnd=jgxsqioz9r4z&cid=407 line 1 > eval, line 246: Error: WebGL warning: <SetDimensions>: Failed to create WebGL context: WebGL creation failed: 
* Can't use WebGL in headless mode (https://bugzil.la/1375585).
JavaScript warning: https://pixel.yabidos.com/flimpobj.js?cb=1548651982023&ver1=2.2.2&qid=838363f5039363f5730343&rnd=jgxsqioz9r4z&cid=407 line 1 > eval, line 246: Error: WebGL warning: <SetDimensions>: Can't use WebGL in headless mode (https://bugzil.la/1375585).
JavaScript warning: https://pixel.yabidos.com/flimpobj.js?cb=1548651982023&ver1=2.2.2&qid=838363f5039363f5730343&rnd=jgxsqioz9r4z&cid=407 line 1 > eval, line 246: Error: WebGL warning: <SetDimensions>: Failed to create WebGL context: WebGL creation failed: 
* Can't use WebGL in headless mode (https://bugzil.la/1375585).
JavaScript warning: https://fqtag.com/pixel?org=poY8HfH7wlNKqpHjOmSb&d=vq%3Bcazzgmt%22ds%7F58%2Cd~j9ui%5E0AlC%3BzhKMvxA%60Da%5Ef%23v%3AZ%7Chbobj%23g%3Aphzb)%3EE4%3E7%3B%3F%3C.%3FLriQFQbATUOsn%20dey7%3F995%23%60j%7C4hjbcaw%20ul4b%7Fx%7Dw%205F-%3BL.%3EKsrq)%7F%7Cdoi%7Fcwirfm%24hc%60!7%40oaz~d~t!7%40jgg~c%60t!7%40D%5EN%2F9Jieqc%22%3AO8%3B%3D4)4%20fxy7-kd%608%20fam7-%7Fa94%20fl~78%3C%3D%22dbo5%3F%3A%3B*aeq%3B4%3A%27%3F25%3C73%20kggm6!51%2B2%3F%3E%3F%3B-%7F0366e9k2%3F!%3F6gg*98o2!o%3C33*9%3Bohji351681%2Ch%3D05571%3B%3D%2Ch%3E057%3F%3F01%2Ch%3F06072%3A%2Fi%3F1%3E64%3F2%3E8%2Cbek9qtrm%2Fxm1epqvt-%3AK.%3EK!7%40p%7F~%24%7Cyc%60%60t%60zf%7Feh%23gjk%22%3AObb%7Fykw%7F%22%3AOgdbyli%7F%22%3AOI%5DK(6Cbf%7Cl%2F9J%3F44%3F*9%2Ffdo0lqrw%7B%2C9J)%3FB%204A%7Cyi%25kbkbjb%7Bpdoeneqohf%27ida(6Cufnllym%60a%204A9%24%3A%26%3F%3C!7%40o%7Cdf.%3EKgjhsi%60dn~%23lqkk, line 1: Error: WebGL warning: <SetDimensions>: Can't use WebGL in headless mode (https://bugzil.la/1375585).
JavaScript warning: https://fqtag.com/pixel?org=poY8HfH7wlNKqpHjOmSb&d=vq%3Bcazzgmt%22ds%7F58%2Cd~j9ui%5E0AlC%3BzhKMvxA%60Da%5Ef%23v%3AZ%7Chbobj%23g%3Aphzb)%3EE4%3E7%3B%3F%3C.%3FLriQFQbATUOsn%20dey7%3F995%23%60j%7C4hjbcaw%20ul4b%7Fx%7Dw%205F-%3BL.%3EKsrq)%7F%7Cdoi%7Fcwirfm%24hc%60!7%40oaz~d~t!7%40jgg~c%60t!7%40D%5EN%2F9Jieqc%22%3AO8%3B%3D4)4%20fxy7-kd%608%20fam7-%7Fa94%20fl~78%3C%3D%22dbo5%3F%3A%3B*aeq%3B4%3A%27%3F25%3C73%20kggm6!51%2B2%3F%3E%3F%3B-%7F0366e9k2%3F!%3F6gg*98o2!o%3C33*9%3Bohji351681%2Ch%3D05571%3B%3D%2Ch%3E057%3F%3F01%2Ch%3F06072%3A%2Fi%3F1%3E64%3F2%3E8%2Cbek9qtrm%2Fxm1epqvt-%3AK.%3EK!7%40p%7F~%24%7Cyc%60%60t%60zf%7Feh%23gjk%22%3AObb%7Fykw%7F%22%3AOgdbyli%7F%22%3AOI%5DK(6Cbf%7Cl%2F9J%3F44%3F*9%2Ffdo0lqrw%7B%2C9J)%3FB%204A%7Cyi%25kbkbjb%7Bpdoeneqohf%27ida(6Cufnllym%60a%204A9%24%3A%26%3F%3C!7%40o%7Cdf.%3EKgjhsi%60dn~%23lqkk, line 1: Error: WebGL warning: <SetDimensions>: Failed to create WebGL context: WebGL creation failed: 
* Can't use WebGL in headless mode (https://bugzil.la/1375585).
JavaScript warning: https://fqtag.com/pixel?org=poY8HfH7wlNKqpHjOmSb&d=vq%3Bcazzgmt%22ds%7F58%2Cd~j9ui%5E0AlC%3BzhKMvxA%60Da%5Ef%23v%3AZ%7Chbobj%23g%3Aphzb)%3EE4%3E7%3B%3F%3C.%3FLriQFQbATUOsn%20dey7%3F995%23%60j%7C4hjbcaw%20ul4b%7Fx%7Dw%205F-%3BL.%3EKsrq)%7F%7Cdoi%7Fcwirfm%24hc%60!7%40oaz~d~t!7%40jgg~c%60t!7%40D%5EN%2F9Jieqc%22%3AO8%3B%3D4)4%20fxy7-kd%608%20fam7-%7Fa94%20fl~78%3C%3D%22dbo5%3F%3A%3B*aeq%3B4%3A%27%3F25%3C73%20kggm6!51%2B2%3F%3E%3F%3B-%7F0366e9k2%3F!%3F6gg*98o2!o%3C33*9%3Bohji351681%2Ch%3D05571%3B%3D%2Ch%3E057%3F%3F01%2Ch%3F06072%3A%2Fi%3F1%3E64%3F2%3E8%2Cbek9qtrm%2Fxm1epqvt-%3AK.%3EK!7%40p%7F~%24%7Cyc%60%60t%60zf%7Feh%23gjk%22%3AObb%7Fykw%7F%22%3AOgdbyli%7F%22%3AOI%5DK(6Cbf%7Cl%2F9J%3F44%3F*9%2Ffdo0lqrw%7B%2C9J)%3FB%204A%7Cyi%25kbkbjb%7Bpdoeneqohf%27ida(6Cufnllym%60a%204A9%24%3A%26%3F%3C!7%40o%7Cdf.%3EKgjhsi%60dn~%23lqkk, line 1: Error: WebGL warning: <SetDimensions>: Can't use WebGL in headless mode (https://bugzil.la/1375585).
JavaScript warning: https://fqtag.com/pixel?org=poY8HfH7wlNKqpHjOmSb&d=vq%3Bcazzgmt%22ds%7F58%2Cd~j9ui%5E0AlC%3BzhKMvxA%60Da%5Ef%23v%3AZ%7Chbobj%23g%3Aphzb)%3EE4%3E7%3B%3F%3C.%3FLriQFQbATUOsn%20dey7%3F995%23%60j%7C4hjbcaw%20ul4b%7Fx%7Dw%205F-%3BL.%3EKsrq)%7F%7Cdoi%7Fcwirfm%24hc%60!7%40oaz~d~t!7%40jgg~c%60t!7%40D%5EN%2F9Jieqc%22%3AO8%3B%3D4)4%20fxy7-kd%608%20fam7-%7Fa94%20fl~78%3C%3D%22dbo5%3F%3A%3B*aeq%3B4%3A%27%3F25%3C73%20kggm6!51%2B2%3F%3E%3F%3B-%7F0366e9k2%3F!%3F6gg*98o2!o%3C33*9%3Bohji351681%2Ch%3D05571%3B%3D%2Ch%3E057%3F%3F01%2Ch%3F06072%3A%2Fi%3F1%3E64%3F2%3E8%2Cbek9qtrm%2Fxm1epqvt-%3AK.%3EK!7%40p%7F~%24%7Cyc%60%60t%60zf%7Feh%23gjk%22%3AObb%7Fykw%7F%22%3AOgdbyli%7F%22%3AOI%5DK(6Cbf%7Cl%2F9J%3F44%3F*9%2Ffdo0lqrw%7B%2C9J)%3FB%204A%7Cyi%25kbkbjb%7Bpdoeneqohf%27ida(6Cufnllym%60a%204A9%24%3A%26%3F%3C!7%40o%7Cdf.%3EKgjhsi%60dn~%23lqkk, line 1: Error: WebGL warning: <SetDimensions>: Failed to create WebGL context: WebGL creation failed: 
* Can't use WebGL in headless mode (https://bugzil.la/1375585).
JavaScript warning: https://cdn.fqtag.com/1.9.214-55c68a9/pixel.js, line 4: Error: WebGL warning: <SetDimensions>: Can't use WebGL in headless mode (https://bugzil.la/1375585).
JavaScript warning: https://cdn.fqtag.com/1.9.214-55c68a9/pixel.js, line 4: Error: WebGL warning: <SetDimensions>: Failed to create WebGL context: WebGL creation failed: 
* Can't use WebGL in headless mode (https://bugzil.la/1375585).
JavaScript warning: https://cdn.fqtag.com/1.9.214-55c68a9/pixel.js, line 4: Error: WebGL warning: <SetDimensions>: Can't use WebGL in headless mode (https://bugzil.la/1375585).
JavaScript warning: https://cdn.fqtag.com/1.9.214-55c68a9/pixel.js, line 4: Error: WebGL warning: <SetDimensions>: Failed to create WebGL context: WebGL creation failed: 
* Can't use WebGL in headless mode (https://bugzil.la/1375585).
[Parent 2748, Gecko_IOThread] WARNING: pipe error: 109: file z:/build/build/src/ipc/chromium/src/chrome/common/ipc_channel_win.cc, line 346
1548817477983	mozrunner::runner	INFO	Running command: "C:\\Program Files\\Mozilla Firefox\\firefox.exe" "-marionette" "-headless" "-foreground" "-no-remote" "-profile" "C:\\Users\\wjack\\AppData\\Local\\Temp\\rust_mozprofile.pHYL0gZgyhNi"
*** You are running in headless mode.
1548817481328	addons.webextension.screenshots@mozilla.org	WARN	Loading extension 'screenshots@mozilla.org': Reading manifest: Invalid host permission: resource://pdf.js/
1548817481329	addons.webextension.screenshots@mozilla.org	WARN	Loading extension 'screenshots@mozilla.org': Reading manifest: Invalid host permission: about:reader*
1548817489032	Marionette	INFO	Listening on port 51824
1548817489286	Marionette	WARN	TLS certificate errors will be ignored for this session
console.error: BroadcastService: 
  receivedBroadcastMessage: handler for
  remote-settings/monitor_changes
  threw error:
  Message: Error: Polling for changes failed: NetworkError when attempting to fetch resource..
  Stack:
    remoteSettingsFunction/remoteSettings.pollChanges@resource://services-settings/remote-settings.js:750:13

JavaScript warning: https://pixel.yabidos.com/flimpobj.js?cb=1548817508865&ver1=2.2.2&qid=838363f5039363f5730343&rnd=b2tznectwoaz&cid=407 line 1 > eval, line 246: Error: WebGL warning: <SetDimensions>: Can't use WebGL in headless mode (https://bugzil.la/1375585).
JavaScript warning: https://pixel.yabidos.com/flimpobj.js?cb=1548817508865&ver1=2.2.2&qid=838363f5039363f5730343&rnd=b2tznectwoaz&cid=407 line 1 > eval, line 246: Error: WebGL warning: <SetDimensions>: Failed to create WebGL context: WebGL creation failed: 
* Can't use WebGL in headless mode (https://bugzil.la/1375585).
JavaScript warning: https://pixel.yabidos.com/flimpobj.js?cb=1548817508865&ver1=2.2.2&qid=838363f5039363f5730343&rnd=b2tznectwoaz&cid=407 line 1 > eval, line 246: Error: WebGL warning: <SetDimensions>: Can't use WebGL in headless mode (https://bugzil.la/1375585).
JavaScript warning: https://pixel.yabidos.com/flimpobj.js?cb=1548817508865&ver1=2.2.2&qid=838363f5039363f5730343&rnd=b2tznectwoaz&cid=407 line 1 > eval, line 246: Error: WebGL warning: <SetDimensions>: Failed to create WebGL context: WebGL creation failed: 
* Can't use WebGL in headless mode (https://bugzil.la/1375585).
1548817519454	Marionette	INFO	Stopped listening on port 51824
JavaScript warning: https://s.yimg.com/rq/iv/inside.js, line 1: Error: WebGL warning: <SetDimensions>: Can't use WebGL in headless mode (https://bugzil.la/1375585).
JavaScript warning: https://s.yimg.com/rq/iv/inside.js, line 1: Error: WebGL warning: <SetDimensions>: Failed to create WebGL context: WebGL creation failed: 
* Can't use WebGL in headless mode (https://bugzil.la/1375585).
JavaScript warning: https://s.yimg.com/rq/iv/inside.js, line 1: Error: WebGL warning: <SetDimensions>: Can't use WebGL in headless mode (https://bugzil.la/1375585).
JavaScript warning: https://s.yimg.com/rq/iv/inside.js, line 1: Error: WebGL warning: <SetDimensions>: Failed to create WebGL context: WebGL creation failed: 
* Can't use WebGL in headless mode (https://bugzil.la/1375585).
[Parent 11508, Gecko_IOThread] WARNING: pipe error: 109: file z:/build/build/src/ipc/chromium/src/chrome/common/ipc_channel_win.cc, line 346
[Parent 11508, Gecko_IOThread] WARNING: file z:/build/build/src/ipc/chromium/src/base/process_util_win.cc, line 188
JavaScript error: resource://gre/modules/WebProgressChild.jsm, line 58: TypeError: this.mm.content is null

###!!! [Child][RunMessage] Error: Channel closing: too late to send/recv, messages will be lost


###!!! [Child][RunMessage] Error: Channel closing: too late to send/recv, messages will be lost

[Child 13112, Chrome
###!!! [Child][RunMessage] Error: Channel closing: too late to send/recv, messages will be lost

_Chi
###!!! [Child][RunMessage] Error: Channel closing: too late to send/recv, messages will be lost

ldThread] WARNING: pipe error: 109: file z:
###!!! [Child][RunMessage] Error: Channel closing: too late to send/recv, messages will be lost

/build/build/src/ipc/chromium/src/chrome/common/ipc_channel_win.cc, line 346

###!!! [Child][RunMessage] Error: Channel closing: too late to send/recv, messages will be lost

JavaScript error: , line 0: InvalidStateError: An attempt was made to use an object that is not, or is no longer, usable

###!!! [Child][RunMessage] Error: Channel closing: too late to send/recv, messages will be lost


###!!! [Child][RunMessage] Error: Channel closing: too late to send/recv, messages will be lost


###!!! [Child][RunMessage] Error: Channel closing: too late to send/recv, messages will be lost


###!!! [Child][RunMessage] Error: Channel closing: too late to send/recv, messages will be lost


###!!! [Child][RunMessage] Error: Channel closing: too late to send/recv, messages will be lost


###!!! [Child][RunMessage] Error: Channel closing: too late to send/recv, messages will be lost


###!!! [Child][RunMessage] Error: Channel closing: too late to send/recv, messages will be lost


###!!! [Child][RunMessage] Error: Channel closing: too late to send/recv, messages will be lost


###!!! [Child][RunMessage] Error: Channel closing: too late to send/recv, messages will be lost


###!!! [Child][RunMessage] Error: Channel closing: too late to send/recv, messages will be lost


###!!! [Child][RunMessage] Error: Channel closing: too late to send/recv, messages will be lost

[Parent 11508, Gecko_IOThread] WARNING: pipe error: 109: file z:/build/build/src/ipc/chromium/src/chrome/common/ipc_channel_win.cc, line 346
[Child 16048, Chrome_ChildThread] WARNING: pipe error: 109: file z:/build/build/src/ipc/chromium/src/chrome/common/ipc_channel_win.cc, line 346
[Chil
###!!! [Parent][MessageChannel] Error: (msgtype=0x180004,name=PBroadcastChannel::Msg___delete__) Channel error: cannot send/recv


###!!! [Parent][RunMessage] Error: Channel error: cannot send/recv


###!!! [Parent][RunMessage] Error: Channel error: cannot send/recv


###!!! [Parent][MessageChannel] Error: (msgtype=0x4B000C,name=PHttpBackgroundChannel::Msg___delete__) Channel error: cannot send/recv


###!!! [Parent][MessageChannel] Error: (msgtype=0x4B000C,name=PHttpBackgroundChannel::Msg___delete__) Channel error: cannot send/recv


###!!! [Parent][MessageChannel] Error: (msgtype=0x4B000C,name=PHttpBackgroundChannel::Msg___delete__) Channel error: cannot send/recv


###!!! [Parent][MessageChannel] Error: (msgtype=0x4B000C,name=PHttpBackgroundChannel::Msg___delete__) Channel error: cannot send/recv


###!!! [Parent][MessageChannel] Error: (msgtype=0x4B000C,name=PHttpBackgroundChannel::Msg___delete__) Channel error: cannot send/recv


###!!! [Parent][MessageChannel] Error: (msgtype=0x4B000C,name=PHttpBackgroundChannel::Msg___delete__) Channel error: cannot send/recv


###!!! [Parent][MessageChannel] Error: (msgtype=0x4B000C,name=PHttpBackgroundChannel::Msg___delete__) Channel error: cannot send/recv


###!!! [Parent][MessageChannel] Error: (msgtype=0x4B000C,name=PHttpBackgroundChannel::Msg___delete__) Channel error: cannot send/recv


###!!! [Parent][MessageChannel] Error: (msgtype=0x4B000C,name=PHttpBackgroundChannel::Msg___delete__) Channel error: cannot send/recv


###!!! [Parent][MessageChannel] Error: (msgtype=0x4B000C,name=PHttpBackgroundChannel::Msg___delete__) Channel error: cannot send/recv


###!!! [Parent][MessageChannel] Error: (msgtype=0x4B000C,name=PHttpBackgroundChannel::Msg___delete__) Channel error: cannot send/recv

[Parent 11508, Gecko_IOThread] WARNING: file z:/build/build/src/ipc/chromium/src/base/process_util_win.cc, line 188
1548817762198	mozrunner::runner	INFO	Running command: "C:\\Program Files\\Mozilla Firefox\\firefox.exe" "-marionette" "-headless" "-foreground" "-no-remote" "-profile" "C:\\Users\\wjack\\AppData\\Local\\Temp\\rust_mozprofile.TyKjs5QLBFfS"
*** You are running in headless mode.
1548817763980	addons.webextension.screenshots@mozilla.org	WARN	Loading extension 'screenshots@mozilla.org': Reading manifest: Invalid host permission: resource://pdf.js/
1548817763980	addons.webextension.screenshots@mozilla.org	WARN	Loading extension 'screenshots@mozilla.org': Reading manifest: Invalid host permission: about:reader*
1548817767381	Marionette	INFO	Listening on port 52487
1548817767705	Marionette	WARN	TLS certificate errors will be ignored for this session
console.error: BroadcastService: 
  receivedBroadcastMessage: handler for
  remote-settings/monitor_changes
  threw error:
  Message: Error: Polling for changes failed: NetworkError when attempting to fetch resource..
  Stack:
    remoteSettingsFunction/remoteSettings.pollChanges@resource://services-settings/remote-settings.js:750:13

JavaScript warning: https://pixel.yabidos.com/flimpobj.js?cb=1548817785814&ver1=2.2.2&qid=838363f5039363f5730343&rnd=bnvj6gxfaxoa&cid=407 line 1 > eval, line 246: Error: WebGL warning: <SetDimensions>: Can't use WebGL in headless mode (https://bugzil.la/1375585).
JavaScript warning: https://pixel.yabidos.com/flimpobj.js?cb=1548817785814&ver1=2.2.2&qid=838363f5039363f5730343&rnd=bnvj6gxfaxoa&cid=407 line 1 > eval, line 246: Error: WebGL warning: <SetDimensions>: Failed to create WebGL context: WebGL creation failed: 
* Can't use WebGL in headless mode (https://bugzil.la/1375585).
JavaScript warning: https://pixel.yabidos.com/flimpobj.js?cb=1548817785814&ver1=2.2.2&qid=838363f5039363f5730343&rnd=bnvj6gxfaxoa&cid=407 line 1 > eval, line 246: Error: WebGL warning: <SetDimensions>: Can't use WebGL in headless mode (https://bugzil.la/1375585).
JavaScript warning: https://pixel.yabidos.com/flimpobj.js?cb=1548817785814&ver1=2.2.2&qid=838363f5039363f5730343&rnd=bnvj6gxfaxoa&cid=407 line 1 > eval, line 246: Error: WebGL warning: <SetDimensions>: Failed to create WebGL context: WebGL creation failed: 
* Can't use WebGL in headless mode (https://bugzil.la/1375585).
1548817789657	Marionette	INFO	Stopped listening on port 52487
[Parent 2724, Gecko_IOThread] WARNING: pipe error: 109: file z:/build/build/src/ipc/chromium/src/chrome/common/ipc_channel_win.cc, line 346
JavaScript error: resource://gre/modules/WebProgressChild.jsm, line 58: TypeError: this.mm.content is null
JavaScript error: , line 0: InvalidStateError: An attempt was made to use an object that is not, or is no longer, usable
[Parent 2724, Gecko_IOThread] WARNING: pipe error: 109: file z:/build/build/src/ipc/chromium/src/chrome/common/ipc_channel_win.cc, line 346
[Child 4244, Chrome_ChildThread] WARNING: pipe error: 109: file z:/build/build/src/ipc/chromium/src/chrome/common/ipc_channel_win.cc, line 346
[Child 4244, Chrome_ChildThread] WARNING: pipe error: 109: file z:/build/build/sr[Parent 2724, Gecko_IOThread] WARNING: pipe error: 109: file z:/build/build/src/ipc/chromium/src/chrome/common/ipc_channel_win.cc, line 346
[Child 10872, Chrome_ChildThread] WARNING: pipe error: 109: file z:/build/build/src/ipc/chromium/src/chrome/common/ipc_channel_win.cc, line 346
[Child 1081548818160474	mozrunner::runner	INFO	Running command: "C:\\Program Files\\Mozilla Firefox\\firefox.exe" "-marionette" "-headless" "-foreground" "-no-remote" "-profile" "C:\\Users\\wjack\\AppData\\Local\\Temp\\rust_mozprofile.RRzFqUiGqC42"
*** You are running in headless mode.
1548818161355	addons.webextension.screenshots@mozilla.org	WARN	Loading extension 'screenshots@mozilla.org': Reading manifest: Invalid host permission: resource://pdf.js/
1548818161355	addons.webextension.screenshots@mozilla.org	WARN	Loading extension 'screenshots@mozilla.org': Reading manifest: Invalid host permission: about:reader*
1548818164160	Marionette	INFO	Listening on port 53315
1548818164398	Marionette	WARN	TLS certificate errors will be ignored for this session
JavaScript warning: https://cdn.flashtalking.com/frameworks/js/api/2/10/html5API.js, line 3: Error: WebGL warning: <SetDimensions>: Can't use WebGL in headless mode (https://bugzil.la/1375585).
JavaScript warning: https://cdn.flashtalking.com/frameworks/js/api/2/10/html5API.js, line 3: Error: WebGL warning: <SetDimensions>: Failed to create WebGL context: WebGL creation failed: 
* Can't use WebGL in headless mode (https://bugzil.la/1375585).
1548818186975	Marionette	INFO	Stopped listening on port 53315
JavaScript warning: https://s.yimg.com/rq/iv/inside-20.js, line 1: Error: WebGL warning: <SetDimensions>: Can't use WebGL in headless mode (https://bugzil.la/1375585).
JavaScript warning: https://s.yimg.com/rq/iv/inside-20.js, line 1: Error: WebGL warning: <SetDimensions>: Failed to create WebGL context: WebGL creation failed: 
* Can't use WebGL in headless mode (https://bugzil.la/1375585).
JavaScript warning: https://s.yimg.com/rq/iv/inside-20.js, line 1: Error: WebGL warning: <SetDimensions>: Can't use WebGL in headless mode (https://bugzil.la/1375585).
JavaScript warning: https://s.yimg.com/rq/iv/inside-20.js, line 1: Error: WebGL warning: <SetDimensions>: Failed to create WebGL context: WebGL creation failed: 
* Can't use WebGL in headless mode (https://bugzil.la/1375585).
JavaScript error: resource://gre/modules/WebProgressChild.jsm, line 58: TypeError: this.mm.content is null
JavaScript error: , line 0: InvalidStateError: An attempt was made to use an object that is not, or is no longer, usable

###!!! [Child][MessageChannel] Error: (msgtype=0x4C0011,name=PHttpChannel::Msg___delete__) Channel closing: too late to send/recv, messages will be lost

[Child 6308, Chrome_ChildThread] WARNING
###!!! [Child][MessageChannel] Error: (msgtype=0x580029,name=PNecko::Msg_RemoveRequestContext) Channel closing: too late to send/recv, messages will be lost

: pipe e
###!!! [Child][RunMessage] Error: Channel closing: too late to send/recv, messages will be lost

rror: 109: file z:/build/build/src/ipc
###!!! [Child][RunMessage] Error: Channel closing: too late to send/recv, messages will be lost

/chro
###!!! [Child][RunMessage] Error: Channel closing: too late to send/recv, messages will be lost

mium/src/chrome/common/ipc_channel_win.cc, line 346
[Child 6308, Chrome_ChildThread] WARNING: pipe error: 109: file z:/build/build/src/ipc/chromium/src/chrome/common/ipc_channel_win.cc, line 346
[Parent 9404, Gecko_IOThread] WARNING: pipe error: 109: file z:/build/build/src/ipc/chromium/src/chrome/common/ipc_channel_win.cc, line 346
1548818338694	mozrunner::runner	INFO	Running command: "C:\\Program Files\\Mozilla Firefox\\firefox.exe" "-marionette" "-headless" "-foreground" "-no-remote" "-profile" "C:\\Users\\wjack\\AppData\\Local\\Temp\\rust_mozprofile.JDFSVAB6Junr"
*** You are running in headless mode.
1548818340291	addons.webextension.screenshots@mozilla.org	WARN	Loading extension 'screenshots@mozilla.org': Reading manifest: Invalid host permission: resource://pdf.js/
1548818340291	addons.webextension.screenshots@mozilla.org	WARN	Loading extension 'screenshots@mozilla.org': Reading manifest: Invalid host permission: about:reader*
1548818343292	Marionette	INFO	Listening on port 53800
1548818343686	Marionette	WARN	TLS certificate errors will be ignored for this session
1548818364713	Marionette	INFO	Stopped listening on port 53800
JavaScript warning: https://s.yimg.com/rq/iv/inside.js, line 1: Error: WebGL warning: <SetDimensions>: Can't use WebGL in headless mode (https://bugzil.la/1375585).
JavaScript warning: https://s.yimg.com/rq/iv/inside.js, line 1: Error: WebGL warning: <SetDimensions>: Failed to create WebGL context: WebGL creation failed: 
* Can't use WebGL in headless mode (https://bugzil.la/1375585).
JavaScript warning: https://s.yimg.com/rq/iv/inside.js, line 1: Error: WebGL warning: <SetDimensions>: Can't use WebGL in headless mode (https://bugzil.la/1375585).
JavaScript warning: https://s.yimg.com/rq/iv/inside.js, line 1: Error: WebGL warning: <SetDimensions>: Failed to create WebGL context: WebGL creation failed: 
* Can't use WebGL in headless mode (https://bugzil.la/1375585).
[Child 12352, Chrome_ChildThread] WARNING: pipe error: 109: file z:/build/build/src/ipc/chromium/src/chrome/common/ipc_channel_win.cc, line 346
[Child [Parent 664, Gecko_IOThread] WARNING: file z:/build/build/src/ipc/chromium/src/base/process_util_win.cc, line 188
JavaScript error: resource://gre/modules/WebProgressChild.jsm, line 58: TypeError: this.mm.content is null
JavaScript error: , line 0: InvalidStateError: An attempt was made to use an object that is not, or is no longer, usable
[Child 3752, Chrome_ChildThread] WARNING: pipe error: 109: file z:/build/build/src/ipc/chromium/src/chrome/common/ipc_channel_win.cc, line 346
[Child 3752, Chrome_ChildThread] WARNING: pipe error: 109: file z:/build/build/src/ipc/chromium/src/chrome/common/ipc_channel_win.cc, line 346
[Parent 664, Gecko_IOThread] WARNING: pipe error: 109: file z:/build/build/src/ipc/chromium/src/chrome/common/ipc_channel_win.cc, line 346
1548818539978	mozrunner::runner	INFO	Running command: "C:\\Program Files\\Mozilla Firefox\\firefox.exe" "-marionette" "-headless" "-foreground" "-no-remote" "-profile" "C:\\Users\\wjack\\AppData\\Local\\Temp\\rust_mozprofile.YkhT6QykPUVC"
*** You are running in headless mode.
1548818541628	addons.webextension.screenshots@mozilla.org	WARN	Loading extension 'screenshots@mozilla.org': Reading manifest: Invalid host permission: resource://pdf.js/
1548818541628	addons.webextension.screenshots@mozilla.org	WARN	Loading extension 'screenshots@mozilla.org': Reading manifest: Invalid host permission: about:reader*
1548818544489	Marionette	INFO	Listening on port 54294
1548818544944	Marionette	WARN	TLS certificate errors will be ignored for this session
console.error: BroadcastService: 
  receivedBroadcastMessage: handler for
  remote-settings/monitor_changes
  threw error:
  Message: Error: Polling for changes failed: NetworkError when attempting to fetch resource..
  Stack:
    remoteSettingsFunction/remoteSettings.pollChanges@resource://services-settings/remote-settings.js:750:13

1548818566164	Marionette	INFO	Stopped listening on port 54294
[Parent 15612, Gecko_IOThread] WARNING: pipe error: 109: file z:/build/build/src/ipc/chromium/src/chrome/common/ipc_channel_win.cc, line 346
[Child 12204, Chrome_ChildThread] WARNING: pipe error: 109: file z:/build/build/src/ipc/chromium/src/chrome/common/ipc_channel_win.cc, line 346
[Child 12204, Chrome_ChildThreJavaScript error: resource://gre/modules/WebProgressChild.jsm, line 58: TypeError: this.mm.content is null
JavaScript error: , line 0: InvalidStateError: An attempt was made to use an object that is not, or is no longer, usable
[Parent 15612, Gecko_IOThread] WARNING: pipe error: 109: file z:/build/build/src/ipc/chromium/src/chrome/common/ipc_channel_win.cc, line 346
[Child 14160, Chrome_ChildThread] WARNING: pipe error: 109: file z:/build/build/src/ipc/chromium/src/chrome/common/ipc_channel_win.cc, line 346
[Child 14160, Chrome_ChildThread] WARNING: pipe error: 109: file z:/build/build/src/ipc/chromium/src/chrome/common/ipc_channel_win.cc, line 346
[Parent 15612, Gecko_IOThread] WARNING: pipe error: 109: file z:/build/build/src/ipc/chromium/src/chrome/common/ipc_channel_win.cc, line 346
[Child 16912, Chrome_ChildThread] WARNING: pipe error: 109: file z:/build/build/src/ipc/chromium/src/chrome/common/ipc_channel_win.cc, line 346
[Child 1
###!!! [Child][RunMessage] Error: Channel closing: too late to send/recv, messages will be lost


###!!! [Child][RunMessage] Error: Channel closing: too late to send/recv, messages will be lost


###!!! [Child][RunMessage] Error: Channel closing: too late to send/recv, messages will be lost


###!!! [Child][RunMessage] Error: Channel closing: too late to send/recv, messages will be lost

1548818648453	mozrunner::runner	INFO	Running command: "C:\\Program Files\\Mozilla Firefox\\firefox.exe" "-marionette" "-headless" "-foreground" "-no-remote" "-profile" "C:\\Users\\wjack\\AppData\\Local\\Temp\\rust_mozprofile.ArduthOjVpiS"
*** You are running in headless mode.
1548818649974	addons.webextension.screenshots@mozilla.org	WARN	Loading extension 'screenshots@mozilla.org': Reading manifest: Invalid host permission: resource://pdf.js/
1548818649975	addons.webextension.screenshots@mozilla.org	WARN	Loading extension 'screenshots@mozilla.org': Reading manifest: Invalid host permission: about:reader*
1548818652828	Marionette	INFO	Listening on port 54697
1548818652868	Marionette	WARN	TLS certificate errors will be ignored for this session
JavaScript warning: https://pixel.yabidos.com/flimpobj.js?cb=1548818670690&ver1=2.2.2&qid=838363f5039363f5730343&rnd=zct6npp1g8a7&cid=407 line 1 > eval, line 246: Error: WebGL warning: <SetDimensions>: Can't use WebGL in headless mode (https://bugzil.la/1375585).
JavaScript warning: https://pixel.yabidos.com/flimpobj.js?cb=1548818670690&ver1=2.2.2&qid=838363f5039363f5730343&rnd=zct6npp1g8a7&cid=407 line 1 > eval, line 246: Error: WebGL warning: <SetDimensions>: Failed to create WebGL context: WebGL creation failed: 
* Can't use WebGL in headless mode (https://bugzil.la/1375585).
JavaScript warning: https://pixel.yabidos.com/flimpobj.js?cb=1548818670690&ver1=2.2.2&qid=838363f5039363f5730343&rnd=zct6npp1g8a7&cid=407 line 1 > eval, line 246: Error: WebGL warning: <SetDimensions>: Can't use WebGL in headless mode (https://bugzil.la/1375585).
JavaScript warning: https://pixel.yabidos.com/flimpobj.js?cb=1548818670690&ver1=2.2.2&qid=838363f5039363f5730343&rnd=zct6npp1g8a7&cid=407 line 1 > eval, line 246: Error: WebGL warning: <SetDimensions>: Failed to create WebGL context: WebGL creation failed: 
* Can't use WebGL in headless mode (https://bugzil.la/1375585).
console.error: BroadcastService: 
  receivedBroadcastMessage: handler for
  remote-settings/monitor_changes
  threw error:
  Message: Error: Polling for changes failed: NetworkError when attempting to fetch resource..
  Stack:
    remoteSettingsFunction/remoteSettings.pollChanges@resource://services-settings/remote-settings.js:750:13

JavaScript warning: https://cdn.flashtalking.com/frameworks/js/api/2/10/html5API.js, line 3: Error: WebGL warning: <SetDimensions>: Can't use WebGL in headless mode (https://bugzil.la/1375585).
JavaScript warning: https://cdn.flashtalking.com/frameworks/js/api/2/10/html5API.js, line 3: Error: WebGL warning: <SetDimensions>: Failed to create WebGL context: WebGL creation failed: 
* Can't use WebGL in headless mode (https://bugzil.la/1375585).
1548818675409	Marionette	INFO	Stopped listening on port 54697
JavaScript warning: https://s.yimg.com/rq/iv/inside.js, line 1: Error: WebGL warning: <SetDimensions>: Can't use WebGL in headless mode (https://bugzil.la/1375585).
JavaScript warning: https://s.yimg.com/rq/iv/inside.js, line 1: Error: WebGL warning: <SetDimensions>: Failed to create WebGL context: WebGL creation failed: 
* Can't use WebGL in headless mode (https://bugzil.la/1375585).
JavaScript warning: https://s.yimg.com/rq/iv/inside.js, line 1: Error: WebGL warning: <SetDimensions>: Can't use WebGL in headless mode (https://bugzil.la/1375585).
JavaScript warning: https://s.yimg.com/rq/iv/inside.js, line 1: Error: WebGL warning: <SetDimensions>: Failed to create WebGL context: WebGL creation failed: 
* Can't use WebGL in headless mode (https://bugzil.la/1375585).
[Child 14676, Chrome_ChildThread] WARNING: pipe error: 109: file z:/build/build/src/ipc/chromium/src/chrome/common/ipc_channel_win.cc, line 346
[Child 14676, Chrome_ChildThread] WARNING: pipe error: 109: file z:/JavaScript error: resource://gre/modules/WebProgressChild.jsm, line 58: TypeError: this.mm.content is null
JavaScript error: , line 0: InvalidStateError: An attempt was made to use an object that is not, or is no longer, usable
[Child 3196, Chrome_ChildThread] WARNING: pipe error: 109: file z:/build/build/src/ipc/chromium/src/chrome/common/ipc_channel_win.cc, line 346

###!!! [Child][RunMessage] Error: Channel closing: too late to send/recv, messages will be lost

[Child 3196, Chrome_ChildThread] WARNIN[Parent 14068, Gecko_IOThread] WARNING: pipe error: 109: file z:/build/build/src/ipc/chromium/src/chrome/common/ipc_channel_win.cc, line 346
[Child 10952, Chrome_ChildThread] WARNING: pipe error: 109: file z:/build/build/src/ipc/chromium/src/chrome/common/ipc_channel_win.cc, line 346
[Child 10951548818803609	mozrunner::runner	INFO	Running command: "C:\\Program Files\\Mozilla Firefox\\firefox.exe" "-marionette" "-headless" "-foreground" "-no-remote" "-profile" "C:\\Users\\wjack\\AppData\\Local\\Temp\\rust_mozprofile.UICFsKVLhOaM"
*** You are running in headless mode.
1548818805153	addons.webextension.screenshots@mozilla.org	WARN	Loading extension 'screenshots@mozilla.org': Reading manifest: Invalid host permission: resource://pdf.js/
1548818805154	addons.webextension.screenshots@mozilla.org	WARN	Loading extension 'screenshots@mozilla.org': Reading manifest: Invalid host permission: about:reader*
1548818808239	Marionette	INFO	Listening on port 55189
1548818808564	Marionette	WARN	TLS certificate errors will be ignored for this session
JavaScript warning: https://cdn.flashtalking.com/frameworks/js/api/2/10/html5API.js, line 3: Error: WebGL warning: <SetDimensions>: Can't use WebGL in headless mode (https://bugzil.la/1375585).
JavaScript warning: https://cdn.flashtalking.com/frameworks/js/api/2/10/html5API.js, line 3: Error: WebGL warning: <SetDimensions>: Failed to create WebGL context: WebGL creation failed: 
* Can't use WebGL in headless mode (https://bugzil.la/1375585).
console.error: BroadcastService: 
  receivedBroadcastMessage: handler for
  remote-settings/monitor_changes
  threw error:
  Message: Error: Polling for changes failed: NetworkError when attempting to fetch resource..
  Stack:
    remoteSettingsFunction/remoteSettings.pollChanges@resource://services-settings/remote-settings.js:750:13

1548818829091	Marionette	INFO	Stopped listening on port 55189
JavaScript warning: https://s.yimg.com/rq/iv/inside.js, line 1: Error: WebGL warning: <SetDimensions>: Can't use WebGL in headless mode (https://bugzil.la/1375585).
JavaScript warning: https://s.yimg.com/rq/iv/inside.js, line 1: Error: WebGL warning: <SetDimensions>: Failed to create WebGL context: WebGL creation failed: 
* Can't use WebGL in headless mode (https://bugzil.la/1375585).
JavaScript warning: https://s.yimg.com/rq/iv/inside.js, line 1: Error: WebGL warning: <SetDimensions>: Can't use WebGL in headless mode (https://bugzil.la/1375585).
JavaScript warning: https://s.yimg.com/rq/iv/inside.js, line 1: Error: WebGL warning: <SetDimensions>: Failed to create WebGL context: WebGL creation failed: 
* Can't use WebGL in headless mode (https://bugzil.la/1375585).
JavaScript warning: https://s.yimg.com/rq/iv/inside.js, line 1: Error: WebGL warning: <SetDimensions>: Can't use WebGL in headless mode (https://bugzil.la/1375585).
JavaScript warning: https://s.yimg.com/rq/iv/inside.js, line 1: Error: WebGL warning: <SetDimensions>: Failed to create WebGL context: WebGL creation failed: 
* Can't use WebGL in headless mode (https://bugzil.la/1375585).
JavaScript warning: https://s.yimg.com/rq/iv/inside.js, line 1: Error: WebGL warning: <SetDimensions>: Can't use WebGL in headless mode (https://bugzil.la/1375585).
JavaScript warning: https://s.yimg.com/rq/iv/inside.js, line 1: Error: WebGL warning: <SetDimensions>: Failed to create WebGL context: WebGL creation failed: 
* Can't use WebGL in headless mode (https://bugzil.la/1375585).
JavaScript warning: https://s.yimg.com/rq/iv/inside.js, line 1: Error: WebGL warning: <SetDimensions>: Can't use WebGL in headless mode (https://bugzil.la/1375585).
JavaScript warning: https://s.yimg.com/rq/iv/inside.js, line 1: Error: WebGL warning: <SetDimensions>: Failed to create WebGL context: WebGL creation failed: 
* Can't use WebGL in headless mode (https://bugzil.la/1375585).
JavaScript warning: https://s.yimg.com/rq/iv/inside.js, line 1: Error: WebGL warning: <SetDimensions>: Can't use WebGL in headless mode (https://bugzil.la/1375585).
JavaScript warning: https://s.yimg.com/rq/iv/inside.js, line 1: Error: WebGL warning: <SetDimensions>: Failed to create WebGL context: WebGL creation failed: 
* Can't use WebGL in headless mode (https://bugzil.la/1375585).
[Parent 4980, Gecko_IOThread] WARNING: pipe error: 109: file z:/build/build/src/ipc/chromium/src/chrome/common/ipc_channel_win.cc, line 346
[Child 15084, Chrome_ChildThread] WARNING: pipe error: 109: file z:/build/build/src/ipc/chromium/src/chrome/common/ipc_channel_win.cc, line 346
[Child 1JavaScript error: resource://gre/modules/WebProgressChild.jsm, line 58: TypeError: this.mm.content is null
JavaScript error: , line 0: InvalidStateError: An attempt was made to use an object that is not, or is no longer, usable
[Parent 4980, Gecko_IOThread] WARNING: pipe error: 109: file z:/build/build/src/ipc/chromium/src/chrome/common/ipc_channel_win.cc, line 346
[Child 1304, Chrome_ChildThread] WARNING: pipe error: 109: file z:/build/build/src/ipc/chromium/src/chrome/common/ipc_channel_win.cc, line 346
[Parent 4980, Gecko_IOThread] WARNING: pipe error: 109: file z:/build/build/src/ipc/chromium/src/chrome/common/ipc_channel_win.cc, line 346
